<?xml version="1.0" encoding="UTF-8"?>
<testng-results skipped="0" failed="0" ignored="0" total="4" passed="4">
  <reporter-output>
  </reporter-output>
  <suite name="Default suite" duration-ms="58984" started-at="2023-02-22T15:23:23 IST" finished-at="2023-02-22T15:24:22 IST">
    <groups>
    </groups>
    <test name="Default test" duration-ms="58984" started-at="2023-02-22T15:23:23 IST" finished-at="2023-02-22T15:24:22 IST">
      <class name="com.siemens.Customer_Support1.Myntra_TestNg">
        <test-method status="PASS" signature="browser_launch()[pri:0, instance:com.siemens.Customer_Support1.Myntra_TestNg@12c8a2c0]" name="browser_launch" duration-ms="52669" started-at="2023-02-22T15:23:23 IST" finished-at="2023-02-22T15:24:15 IST">
          <reporter-output>
          </reporter-output>
        </test-method> <!-- browser_launch -->
        <test-method status="PASS" signature="kids_Tshirts()[pri:0, instance:com.siemens.Customer_Support1.Myntra_TestNg@12c8a2c0]" name="kids_Tshirts" duration-ms="4801" started-at="2023-02-22T15:24:15 IST" finished-at="2023-02-22T15:24:20 IST">
          <reporter-output>
          </reporter-output>
        </test-method> <!-- kids_Tshirts -->
        <test-method status="PASS" signature="product_Count()[pri:1, instance:com.siemens.Customer_Support1.Myntra_TestNg@12c8a2c0]" name="product_Count" duration-ms="47" started-at="2023-02-22T15:24:20 IST" finished-at="2023-02-22T15:24:20 IST">
          <reporter-output>
          </reporter-output>
        </test-method> <!-- product_Count -->
        <test-method status="PASS" signature="minimum_Price()[pri:2, instance:com.siemens.Customer_Support1.Myntra_TestNg@12c8a2c0]" name="minimum_Price" duration-ms="1415" started-at="2023-02-22T15:24:20 IST" finished-at="2023-02-22T15:24:22 IST">
          <reporter-output>
          </reporter-output>
        </test-method> <!-- minimum_Price -->
      </class> <!-- com.siemens.Customer_Support1.Myntra_TestNg -->
    </test> <!-- Default test -->
  </suite> <!-- Default suite -->
</testng-results>
