<?xml version="1.0" encoding="UTF-8"?>
<!-- Generated by org.testng.reporters.JUnitXMLReporter -->
<testsuite hostname="LAPTOP-PC8Q03SG" ignored="0" name="Default test" tests="4" failures="0" timestamp="2023-02-22T15:24:22 IST" time="58.984" errors="0">
  <testcase name="browser_launch" time="52.669" classname="com.siemens.Customer_Support1.Myntra_TestNg"/>
  <testcase name="kids_Tshirts" time="4.801" classname="com.siemens.Customer_Support1.Myntra_TestNg"/>
  <testcase name="product_Count" time="0.047" classname="com.siemens.Customer_Support1.Myntra_TestNg"/>
  <testcase name="minimum_Price" time="1.415" classname="com.siemens.Customer_Support1.Myntra_TestNg"/>
</testsuite> <!-- Default test -->
